Start testing: Nov 18 10:32 “Œ‹ (•W€)
----------------------------------------------------------
Unable to find executable: C:/Users/t-913/CPPP/kamige-/build/kamige--googletest.exe
1/1 Testing: test
1/1 Test: test
Command: ""
Directory: C:/Users/t-913/CPPP/kamige-/build
"test" start time: 
Output:
----------------------------------------------------------
<end of output>
Test time =   0.00 sec
----------------------------------------------------------
Test Passed.
"test" end time: Nov 18 10:32 “Œ‹ (•W€)
"test" time elapsed: 00:00:00
----------------------------------------------------------

End testing: Nov 18 10:32 “Œ‹ (•W€)
